{
  "RSpec": {
    "coverage": {
      "/Users/username/Desktop/Makers/bank-challenge/spec/bank_spec.rb": {
        "lines": [
          1,
          null,
          1,
          1,
          1,
          null,
          null,
          1,
          1,
          1,
          null,
          null,
          1,
          1,
          1,
          null,
          null,
          1,
          1,
          1,
          null,
          null,
          1,
          1,
          1,
          null,
          null,
          1,
          1,
          1,
          1,
          null,
          null,
          null
        ]
      },
      "/Users/username/Desktop/Makers/bank-challenge/lib/bank.rb": {
        "lines": [
          1,
          null,
          1,
          null,
          1,
          null,
          1,
          6,
          6,
          6,
          6,
          6,
          null,
          null,
          1,
          3,
          3,
          3,
          null,
          null,
          1,
          2,
          2,
          2,
          null,
          null,
          1,
          5,
          5,
          5,
          5,
          5,
          null,
          null,
          null,
          null,
          null
        ]
      }
    },
    "timestamp": 1606950047
  }
}
