{
  "RSpec": {
    "coverage": {
      "/Users/username/Desktop/Makers/bank-challenge/spec/bank_spec.rb": {
        "lines": [
          1,
          null,
          1,
          null,
          1,
          1,
          1,
          1,
          2,
          null,
          null,
          1,
          1,
          1,
          1,
          1,
          2,
          null,
          null,
          1,
          1,
          1,
          1,
          2,
          null,
          null,
          1,
          1,
          1,
          1,
          1,
          2,
          null,
          null,
          1,
          1,
          1,
          1,
          1,
          2,
          null,
          null,
          1,
          1,
          1,
          1,
          2,
          null,
          null,
          null
        ]
      },
      "/Users/username/Desktop/Makers/bank-challenge/lib/bank.rb": {
        "lines": [
          1,
          null,
          1,
          null,
          1,
          null,
          1,
          6,
          6,
          6,
          6,
          6,
          6,
          null,
          null,
          1,
          5,
          5,
          5,
          5,
          null,
          null,
          1,
          4,
          4,
          4,
          4,
          null,
          null,
          1,
          9,
          5,
          null,
          4,
          null,
          9,
          null,
          null,
          1,
          9,
          null,
          null,
          9,
          9,
          9,
          null,
          null,
          1,
          9,
          9,
          9,
          null,
          null,
          1,
          9,
          9,
          30,
          9,
          null,
          null,
          1,
          15,
          null,
          null,
          null
        ]
      },
      "/Users/username/Desktop/Makers/bank-challenge/lib/transaction_date.rb": {
        "lines": [
          1,
          null,
          1,
          12,
          null,
          null,
          1,
          15,
          null,
          null,
          null
        ]
      }
    },
    "timestamp": 1607010755
  }
}
